const elements = $x('//table/tbody/tr'); 	
for (element in elements) 
{
	var cadena = '{';
	var aaa = elements[element];
	var listTd = aaa.querySelectorAll('td');
	
	var elemnt00_0 = listTd[0].querySelector('a');
	cadena += 'player_url:"' + elemnt00_0.href + '",';
	
	var elemnt00_1 = listTd[0].querySelector('a > div > img');
	cadena += 'player_img:"' + elemnt00_1.src + '",';
	cadena += 'player_alt:"' + elemnt00_1.alt + '",';
	
	var elemnt00_2 = listTd[0].querySelectorAll('a > div > p');
	cadena += 'player_first_name:"' + elemnt00_2[0].innerText + '",';
	cadena += 'player_last_name:"' + elemnt00_2[1].innerText + '",';
	
	var elemnt01 = listTd[1].querySelector('a');
	if(elemnt01 == null){
		cadena += 'team_url:"N/A",';
		cadena += 'team_name:"N/A",';
	} else {
		cadena += 'team_url:"' + elemnt01.href + '",';
		cadena += 'team_name:"' + elemnt01.innerText + '",';
	}
	
	cadena += 'number:"' + listTd[2].innerText + '",';
	cadena += 'position:"' + listTd[3].innerText + '",';
	cadena += 'height:"' + listTd[4].innerText + '",';
	cadena += 'weight:"' + listTd[5].innerText + '",';
	cadena += 'last_attended:"' + listTd[6].innerText + '",';
	cadena += 'country:"' + listTd[7].innerText + '",';
	
	cadena += '}';
	console.log(cadena);
}
script.js:1 {player_url:"https://www.nba.com/player/1630173/precious-achiuwa/",player_img:"https://cdn.nba.com/headshots/nba/latest/260x190/1630173.png",player_alt:"Precious Achiuwa Headshot",player_first_name:"Precious",player_last_name:"Achiuwa",team_url:"https://www.nba.com/team/1610612761/raptors/",team_name:"TOR",number:"5",position:"F",height:"6-8",weight:"225 lbs",last_attended:"Memphis",country:"Nigeria",}
script.js:1 {player_url:"https://www.nba.com/player/203500/steven-adams/",player_img:"https://cdn.nba.com/headshots/nba/latest/260x190/203500.png",player_alt:"Steven Adams Headshot",player_first_name:"Steven",player_last_name:"Adams",team_url:"https://www.nba.com/team/1610612763/grizzlies/",team_name:"MEM",number:"4",position:"C",height:"6-11",weight:"265 lbs",last_attended:"Pittsburgh",country:"New Zealand",}
script.js:1 {player_url:"https://www.nba.com/player/1628389/bam-adebayo/",player_img:"https://cdn.nba.com/headshots/nba/latest/260x190/1628389.png",player_alt:"Bam Adebayo Headshot",player_first_name:"Bam",player_last_name:"Adebayo",team_url:"https://www.nba.com/team/1610612748/heat/",team_name:"MIA",number:"13",position:"C-F",height:"6-9",weight:"255 lbs",last_attended:"Kentucky",country:"USA",}
script.js:1 {player_url:"https://www.nba.com/player/1630534/ochai-agbaji/",player_img:"https://cdn.nba.com/headshots/nba/latest/260x190/1630534.png",player_alt:"Ochai Agbaji Headshot",player_first_name:"Ochai",player_last_name:"Agbaji",team_url:"https://www.nba.com/team/1610612762/jazz/",team_name:"UTA",number:"30",position:"G",height:"6-5",weight:"215 lbs",last_attended:"Kansas",country:"USA",}
script.js:1 {player_url:"https://www.nba.com/player/1630583/santi-aldama/",player_img:"https://cdn.nba.com/headshots/nba/latest/260x190/1630583.png",player_alt:"Santi Aldama Headshot",player_first_name:"Santi",player_last_name:"Aldama",team_url:"https://www.nba.com/team/1610612763/grizzlies/",team_name:"MEM",number:"7",position:"F-C",height:"7-0",weight:"215 lbs",last_attended:"Loyola-Maryland",country:"Spain",}
script.js:1 {player_url:"https://www.nba.com/player/1629638/nickeil-alexander-walker/",player_img:"https://cdn.nba.com/headshots/nba/latest/260x190/1629638.png",player_alt:"Nickeil Alexander-Walker Headshot",player_first_name:"Nickeil",player_last_name:"Alexander-Walker",team_url:"https://www.nba.com/team/1610612750/timberwolves/",team_name:"MIN",number:"9",position:"G",height:"6-5",weight:"205 lbs",last_attended:"Virginia Tech",country:"Canada",}
script.js:1 {player_url:"https://www.nba.com/player/1628960/grayson-allen/",player_img:"https://cdn.nba.com/headshots/nba/latest/260x190/1628960.png",player_alt:"Grayson Allen Headshot",player_first_name:"Grayson",player_last_name:"Allen",team_url:"https://www.nba.com/team/1610612749/bucks/",team_name:"MIL",number:"12",position:"G",height:"6-4",weight:"198 lbs",last_attended:"Duke",country:"USA",}
script.js:1 {player_url:"https://www.nba.com/player/1628386/jarrett-allen/",player_img:"https://cdn.nba.com/headshots/nba/latest/260x190/1628386.png",player_alt:"Jarrett Allen Headshot",player_first_name:"Jarrett",player_last_name:"Allen",team_url:"https://www.nba.com/team/1610612739/cavaliers/",team_name:"CLE",number:"31",position:"C",height:"6-9",weight:"243 lbs",last_attended:"Texas",country:"USA",}
script.js:1 {player_url:"https://www.nba.com/player/1630631/jose-alvarado/",player_img:"https://cdn.nba.com/headshots/nba/latest/260x190/1630631.png",player_alt:"Jose Alvarado Headshot",player_first_name:"Jose",player_last_name:"Alvarado",team_url:"https://www.nba.com/team/1610612740/pelicans/",team_name:"NOP",number:"15",position:"G",height:"6-0",weight:"179 lbs",last_attended:"Georgia Tech",country:"USA",}
script.js:1 {player_url:"https://www.nba.com/player/203937/kyle-anderson/",player_img:"https://cdn.nba.com/headshots/nba/latest/260x190/203937.png",player_alt:"Kyle Anderson Headshot",player_first_name:"Kyle",player_last_name:"Anderson",team_url:"https://www.nba.com/team/1610612750/timberwolves/",team_name:"MIN",number:"5",position:"F-G",height:"6-9",weight:"230 lbs",last_attended:"UCLA",country:"USA",}
script.js:1 {player_url:"https://www.nba.com/player/203507/giannis-antetokounmpo/",player_img:"https://cdn.nba.com/headshots/nba/latest/260x190/203507.png",player_alt:"Giannis Antetokounmpo Headshot",player_first_name:"Giannis",player_last_name:"Antetokounmpo",team_url:"https://www.nba.com/team/1610612749/bucks/",team_name:"MIL",number:"34",position:"F",height:"7-0",weight:"243 lbs",last_attended:"Filathlitikos",country:"Greece",}
script.js:1 {player_url:"https://www.nba.com/player/203648/thanasis-antetokounmpo/",player_img:"https://cdn.nba.com/headshots/nba/latest/260x190/203648.png",player_alt:"Thanasis Antetokounmpo Headshot",player_first_name:"Thanasis",player_last_name:"Antetokounmpo",team_url:"https://www.nba.com/team/1610612749/bucks/",team_name:"MIL",number:"43",position:"F",height:"6-7",weight:"219 lbs",last_attended:"Panathinaikos",country:"Greece",}
script.js:1 {player_url:"https://www.nba.com/player/1630175/cole-anthony/",player_img:"https://cdn.nba.com/headshots/nba/latest/260x190/1630175.png",player_alt:"Cole Anthony Headshot",player_first_name:"Cole",player_last_name:"Anthony",team_url:"https://www.nba.com/team/1610612753/magic/",team_name:"ORL",number:"50",position:"G",height:"6-3",weight:"185 lbs",last_attended:"North Carolina",country:"USA",}
script.js:1 {player_url:"https://www.nba.com/player/1628384/og-anunoby/",player_img:"https://cdn.nba.com/headshots/nba/latest/260x190/1628384.png",player_alt:"O.G. Anunoby Headshot",player_first_name:"O.G.",player_last_name:"Anunoby",team_url:"https://www.nba.com/team/1610612761/raptors/",team_name:"TOR",number:"3",position:"F",height:"6-7",weight:"232 lbs",last_attended:"Indiana",country:"United Kingdom",}
script.js:1 {player_url:"https://www.nba.com/player/1627853/ryan-arcidiacono/",player_img:"https://cdn.nba.com/headshots/nba/latest/260x190/1627853.png",player_alt:"Ryan Arcidiacono Headshot",player_first_name:"Ryan",player_last_name:"Arcidiacono",team_url:"N/A",team_name:"N/A",number:"",position:"G",height:"6-3",weight:"195 lbs",last_attended:"Villanova",country:"USA",}
script.js:1 {player_url:"https://www.nba.com/player/201571/dj-augustin/",player_img:"https://cdn.nba.com/headshots/nba/latest/260x190/201571.png",player_alt:"D.J. Augustin Headshot",player_first_name:"D.J.",player_last_name:"Augustin",team_url:"https://www.nba.com/team/1610612745/rockets/",team_name:"HOU",number:"4",position:"G",height:"5-11",weight:"183 lbs",last_attended:"Texas-Austin",country:"USA",}
script.js:1 {player_url:"https://www.nba.com/player/1630166/deni-avdija/",player_img:"https://cdn.nba.com/headshots/nba/latest/260x190/1630166.png",player_alt:"Deni Avdija Headshot",player_first_name:"Deni",player_last_name:"Avdija",team_url:"https://www.nba.com/team/1610612764/wizards/",team_name:"WAS",number:"9",position:"F",height:"6-9",weight:"210 lbs",last_attended:"Maccabi Tel Aviv",country:"Israel",}
script.js:1 {player_url:"https://www.nba.com/player/1629028/deandre-ayton/",player_img:"https://cdn.nba.com/headshots/nba/latest/260x190/1629028.png",player_alt:"Deandre Ayton Headshot",player_first_name:"Deandre",player_last_name:"Ayton",team_url:"https://www.nba.com/team/1610612756/suns/",team_name:"PHX",number:"22",position:"C",height:"7-0",weight:"250 lbs",last_attended:"Arizona",country:"Bahamas",}
script.js:1 {player_url:"https://www.nba.com/player/1628962/udoka-azubuike/",player_img:"https://cdn.nba.com/headshots/nba/latest/260x190/1628962.png",player_alt:"Udoka Azubuike Headshot",player_first_name:"Udoka",player_last_name:"Azubuike",team_url:"https://www.nba.com/team/1610612762/jazz/",team_name:"UTA",number:"20",position:"C-F",height:"6-11",weight:"270 lbs",last_attended:"Kansas",country:"Nigeria",}
script.js:1 {player_url:"https://www.nba.com/player/1630641/ibou-badji/",player_img:"https://cdn.nba.com/headshots/nba/latest/260x190/1630641.png",player_alt:"Ibou Badji Headshot",player_first_name:"Ibou",player_last_name:"Badji",team_url:"https://www.nba.com/team/1610612757/blazers/",team_name:"POR",number:"41",position:"C",height:"7-1",weight:"240 lbs",last_attended:"FC Barcelona",country:"Senegal",}
script.js:1 {player_url:"https://www.nba.com/player/1628963/marvin-bagley-iii/",player_img:"https://cdn.nba.com/headshots/nba/latest/260x190/1628963.png",player_alt:"Marvin Bagley III Headshot",player_first_name:"Marvin",player_last_name:"Bagley III",team_url:"https://www.nba.com/team/1610612765/pistons/",team_name:"DET",number:"35",position:"F",height:"6-10",weight:"235 lbs",last_attended:"Duke",country:"USA",}
script.js:1 {player_url:"https://www.nba.com/player/1631116/patrick-baldwin-jr/",player_img:"https://cdn.nba.com/headshots/nba/latest/260x190/1631116.png",player_alt:"Patrick Baldwin Jr. Headshot",player_first_name:"Patrick",player_last_name:"Baldwin Jr.",team_url:"https://www.nba.com/team/1610612744/warriors/",team_name:"GSW",number:"7",position:"F",height:"6-9",weight:"220 lbs",last_attended:"Wisconsin-Milwaukee",country:"USA",}
script.js:1 {player_url:"https://www.nba.com/player/1630163/lamelo-ball/",player_img:"https://cdn.nba.com/headshots/nba/latest/260x190/1630163.png",player_alt:"LaMelo Ball Headshot",player_first_name:"LaMelo",player_last_name:"Ball",team_url:"https://www.nba.com/team/1610612766/hornets/",team_name:"CHA",number:"1",position:"G",height:"6-7",weight:"180 lbs",last_attended:"Illawarra",country:"USA",}
script.js:1 {player_url:"https://www.nba.com/player/1628366/lonzo-ball/",player_img:"https://cdn.nba.com/headshots/nba/latest/260x190/1628366.png",player_alt:"Lonzo Ball Headshot",player_first_name:"Lonzo",player_last_name:"Ball",team_url:"https://www.nba.com/team/1610612741/bulls/",team_name:"CHI",number:"2",position:"G",height:"6-6",weight:"190 lbs",last_attended:"UCLA",country:"USA",}
script.js:1 {player_url:"https://www.nba.com/player/1628964/mo-bamba/",player_img:"https://cdn.nba.com/headshots/nba/latest/260x190/1628964.png",player_alt:"Mo Bamba Headshot",player_first_name:"Mo",player_last_name:"Bamba",team_url:"https://www.nba.com/team/1610612747/lakers/",team_name:"LAL",number:"12",position:"C",height:"7-0",weight:"231 lbs",last_attended:"Texas",country:"USA",}
script.js:1 {player_url:"https://www.nba.com/player/1631094/paolo-banchero/",player_img:"https://cdn.nba.com/headshots/nba/latest/260x190/1631094.png",player_alt:"Paolo Banchero Headshot",player_first_name:"Paolo",player_last_name:"Banchero",team_url:"https://www.nba.com/team/1610612753/magic/",team_name:"ORL",number:"5",position:"F",height:"6-10",weight:"250 lbs",last_attended:"Duke",country:"USA",}
script.js:1 {player_url:"https://www.nba.com/player/1630217/desmond-bane/",player_img:"https://cdn.nba.com/headshots/nba/latest/260x190/1630217.png",player_alt:"Desmond Bane Headshot",player_first_name:"Desmond",player_last_name:"Bane",team_url:"https://www.nba.com/team/1610612763/grizzlies/",team_name:"MEM",number:"22",position:"G",height:"6-5",weight:"215 lbs",last_attended:"TCU",country:"USA",}
script.js:1 {player_url:"https://www.nba.com/player/1630625/dalano-banton/",player_img:"https://cdn.nba.com/headshots/nba/latest/260x190/1630625.png",player_alt:"Dalano Banton Headshot",player_first_name:"Dalano",player_last_name:"Banton",team_url:"https://www.nba.com/team/1610612761/raptors/",team_name:"TOR",number:"45",position:"F",height:"6-7",weight:"204 lbs",last_attended:"Nebraska",country:"Canada",}
script.js:1 {player_url:"https://www.nba.com/player/1631230/dominick-barlow/",player_img:"https://cdn.nba.com/headshots/nba/latest/260x190/1631230.png",player_alt:"Dominick Barlow Headshot",player_first_name:"Dominick",player_last_name:"Barlow",team_url:"https://www.nba.com/team/1610612759/spurs/",team_name:"SAS",number:"26",position:"F",height:"6-9",weight:"215 lbs",last_attended:"",country:"USA",}
script.js:1 {player_url:"https://www.nba.com/player/203084/harrison-barnes/",player_img:"https://cdn.nba.com/headshots/nba/latest/260x190/203084.png",player_alt:"Harrison Barnes Headshot",player_first_name:"Harrison",player_last_name:"Barnes",team_url:"https://www.nba.com/team/1610612758/kings/",team_name:"SAC",number:"40",position:"F",height:"6-8",weight:"225 lbs",last_attended:"North Carolina",country:"USA",}
script.js:1 {player_url:"https://www.nba.com/player/1630567/scottie-barnes/",player_img:"https://cdn.nba.com/headshots/nba/latest/260x190/1630567.png",player_alt:"Scottie Barnes Headshot",player_first_name:"Scottie",player_last_name:"Barnes",team_url:"https://www.nba.com/team/1610612761/raptors/",team_name:"TOR",number:"4",position:"F",height:"6-8",weight:"225 lbs",last_attended:"Florida State",country:"USA",}
script.js:1 {player_url:"https://www.nba.com/player/1629628/rj-barrett/",player_img:"https://cdn.nba.com/headshots/nba/latest/260x190/1629628.png",player_alt:"RJ Barrett Headshot",player_first_name:"RJ",player_last_name:"Barrett",team_url:"https://www.nba.com/team/1610612752/knicks/",team_name:"NYK",number:"9",position:"F-G",height:"6-6",weight:"214 lbs",last_attended:"Duke",country:"Canada",}
script.js:1 {player_url:"https://www.nba.com/player/203115/will-barton/",player_img:"https://cdn.nba.com/headshots/nba/latest/260x190/203115.png",player_alt:"Will Barton Headshot",player_first_name:"Will",player_last_name:"Barton",team_url:"https://www.nba.com/team/1610612761/raptors/",team_name:"TOR",number:"1",position:"G",height:"6-5",weight:"181 lbs",last_attended:"Memphis",country:"USA",}
script.js:1 {player_url:"https://www.nba.com/player/1629646/charles-bassey/",player_img:"https://cdn.nba.com/headshots/nba/latest/260x190/1629646.png",player_alt:"Charles Bassey Headshot",player_first_name:"Charles",player_last_name:"Bassey",team_url:"https://www.nba.com/team/1610612759/spurs/",team_name:"SAS",number:"28",position:"C-F",height:"6-9",weight:"230 lbs",last_attended:"Western Kentucky",country:"Nigeria",}
script.js:1 {player_url:"https://www.nba.com/player/1628966/keita-bates-diop/",player_img:"https://cdn.nba.com/headshots/nba/latest/260x190/1628966.png",player_alt:"Keita Bates-Diop Headshot",player_first_name:"Keita",player_last_name:"Bates-Diop",team_url:"https://www.nba.com/team/1610612759/spurs/",team_name:"SAS",number:"31",position:"F",height:"6-8",weight:"229 lbs",last_attended:"Ohio State",country:"USA",}
script.js:1 {player_url:"https://www.nba.com/player/201587/nicolas-batum/",player_img:"https://cdn.nba.com/headshots/nba/latest/260x190/201587.png",player_alt:"Nicolas Batum Headshot",player_first_name:"Nicolas",player_last_name:"Batum",team_url:"https://www.nba.com/team/1610612746/clippers/",team_name:"LAC",number:"33",position:"G-F",height:"6-8",weight:"230 lbs",last_attended:"Le Mans",country:"France",}
script.js:1 {player_url:"https://www.nba.com/player/1629647/darius-bazley/",player_img:"https://cdn.nba.com/headshots/nba/latest/260x190/fallback.png",player_alt:"Default player headshot",player_first_name:"Darius",player_last_name:"Bazley",team_url:"https://www.nba.com/team/1610612756/suns/",team_name:"PHX",number:"55",position:"F",height:"6-9",weight:"216 lbs",last_attended:"Princeton HS (OH)",country:"USA",}
script.js:1 {player_url:"https://www.nba.com/player/203078/bradley-beal/",player_img:"https://cdn.nba.com/headshots/nba/latest/260x190/fallback.png",player_alt:"Default player headshot",player_first_name:"Bradley",player_last_name:"Beal",team_url:"https://www.nba.com/team/1610612764/wizards/",team_name:"WAS",number:"3",position:"G",height:"6-4",weight:"207 lbs",last_attended:"Florida",country:"USA",}
script.js:1 {player_url:"https://www.nba.com/player/1627736/malik-beasley/",player_img:"https://cdn.nba.com/headshots/nba/latest/260x190/1627736.png",player_alt:"Malik Beasley Headshot",player_first_name:"Malik",player_last_name:"Beasley",team_url:"https://www.nba.com/team/1610612747/lakers/",team_name:"LAL",number:"5",position:"G",height:"6-4",weight:"187 lbs",last_attended:"Florida State",country:"USA",}
script.js:1 {player_url:"https://www.nba.com/player/1630699/marjon-beauchamp/",player_img:"https://cdn.nba.com/headshots/nba/latest/260x190/fallback.png",player_alt:"Default player headshot",player_first_name:"MarJon",player_last_name:"Beauchamp",team_url:"https://www.nba.com/team/1610612749/bucks/",team_name:"MIL",number:"0",position:"F",height:"6-7",weight:"199 lbs",last_attended:"NBA G League Ignite",country:"USA",}
script.js:1 {player_url:"https://www.nba.com/player/202722/davis-bertans/",player_img:"https://cdn.nba.com/headshots/nba/latest/260x190/fallback.png",player_alt:"Default player headshot",player_first_name:"Davis",player_last_name:"Bertans",team_url:"https://www.nba.com/team/1610612742/mavericks/",team_name:"DAL",number:"44",position:"F",height:"6-10",weight:"225 lbs",last_attended:"Baskonia",country:"Latvia",}
script.js:1 {player_url:"https://www.nba.com/player/201976/patrick-beverley/",player_img:"https://cdn.nba.com/headshots/nba/latest/260x190/fallback.png",player_alt:"Default player headshot",player_first_name:"Patrick",player_last_name:"Beverley",team_url:"https://www.nba.com/team/1610612741/bulls/",team_name:"CHI",number:"21",position:"G",height:"6-2",weight:"180 lbs",last_attended:"Arkansas",country:"USA",}
script.js:1 {player_url:"https://www.nba.com/player/1630180/saddiq-bey/",player_img:"https://cdn.nba.com/headshots/nba/latest/260x190/fallback.png",player_alt:"Default player headshot",player_first_name:"Saddiq",player_last_name:"Bey",team_url:"https://www.nba.com/team/1610612737/hawks/",team_name:"ATL",number:"41",position:"F",height:"6-7",weight:"215 lbs",last_attended:"Villanova",country:"USA",}
script.js:1 {player_url:"https://www.nba.com/player/203920/khem-birch/",player_img:"https://cdn.nba.com/headshots/nba/latest/260x190/fallback.png",player_alt:"Default player headshot",player_first_name:"Khem",player_last_name:"Birch",team_url:"https://www.nba.com/team/1610612759/spurs/",team_name:"SAS",number:"24",position:"C",height:"6-8",weight:"233 lbs",last_attended:"UNLV",country:"Canada",}
script.js:1 {player_url:"https://www.nba.com/player/1629048/goga-bitadze/",player_img:"https://cdn.nba.com/headshots/nba/latest/260x190/fallback.png",player_alt:"Default player headshot",player_first_name:"Goga",player_last_name:"Bitadze",team_url:"https://www.nba.com/team/1610612753/magic/",team_name:"ORL",number:"88",position:"C-F",height:"6-11",weight:"250 lbs",last_attended:"Mega Basket",country:"Georgia",}
script.js:1 {player_url:"https://www.nba.com/player/202687/bismack-biyombo/",player_img:"https://cdn.nba.com/headshots/nba/latest/260x190/fallback.png",player_alt:"Default player headshot",player_first_name:"Bismack",player_last_name:"Biyombo",team_url:"https://www.nba.com/team/1610612756/suns/",team_name:"PHX",number:"18",position:"C",height:"6-8",weight:"255 lbs",last_attended:"Baloncesto Fuenlabrada",country:"DRC",}
script.js:1 {player_url:"https://www.nba.com/player/1631205/buddy-boeheim/",player_img:"https://cdn.nba.com/headshots/nba/latest/260x190/fallback.png",player_alt:"Default player headshot",player_first_name:"Buddy",player_last_name:"Boeheim",team_url:"https://www.nba.com/team/1610612765/pistons/",team_name:"DET",number:"27",position:"F",height:"6-6",weight:"205 lbs",last_attended:"Syracuse",country:"USA",}
script.js:1 {player_url:"https://www.nba.com/player/203992/bogdan-bogdanovic/",player_img:"https://cdn.nba.com/headshots/nba/latest/260x190/fallback.png",player_alt:"Default player headshot",player_first_name:"Bogdan",player_last_name:"Bogdanovic",team_url:"https://www.nba.com/team/1610612737/hawks/",team_name:"ATL",number:"13",position:"G",height:"6-5",weight:"225 lbs",last_attended:"Fenerbahce",country:"Serbia",}
script.js:1 {player_url:"https://www.nba.com/player/202711/bojan-bogdanovic/",player_img:"https://cdn.nba.com/headshots/nba/latest/260x190/fallback.png",player_alt:"Default player headshot",player_first_name:"Bojan",player_last_name:"Bogdanovic",team_url:"https://www.nba.com/team/1610612765/pistons/",team_name:"DET",number:"44",position:"F",height:"6-7",weight:"226 lbs",last_attended:"Fenerbahce",country:"Croatia",}
script.js:1 {player_url:"https://www.nba.com/player/1629626/bol-bol/",player_img:"https://cdn.nba.com/headshots/nba/latest/260x190/fallback.png",player_alt:"Default player headshot",player_first_name:"Bol",player_last_name:"Bol",team_url:"https://www.nba.com/team/1610612753/magic/",team_name:"ORL",number:"10",position:"C-F",height:"7-2",weight:"220 lbs",last_attended:"Oregon",country:"Sudan",}
undefined
